<?xml version="1.0" encoding="UTF-8"?>
<!-- Generated by org.testng.reporters.JUnitReportReporter -->
<testsuite hostname="emerjencylap1" name="com.iso.ppw.test.ui.testNg.PassportTestNg" tests="3" failures="0" timestamp="21 Apr 2016 11:41:40 GMT" time="256.534" errors="0">
  <testcase name="FirstTest" time="67.974" classname="com.iso.ppw.test.ui.testNg.PassportTestNg"/>
  <testcase name="ThirdTest" time="72.561" classname="com.iso.ppw.test.ui.testNg.PassportTestNg"/>
  <testcase name="SecondTest" time="115.999" classname="com.iso.ppw.test.ui.testNg.PassportTestNg"/>
</testsuite> <!-- com.iso.ppw.test.ui.testNg.PassportTestNg -->
